                                        @@@@@@@@@@@@@@@@@@@@@@@@@@@@@@@@@@@@@@@@@@@@@@@
                                        @                                             @
                                        @   @  @@@@@   @@   @  @   @@@  @  @   @@@@   @
                                        @        @    @  @  @  @  @     @  @  @    @  @
                                        @   @    @    @  @  @  @  @ @@  @@@@     @@   @
                                        @   @    @    @  @  @  @  @  @  @  @    @@    @
                                        @   @    @     @@    @@    @@@  @  @  @@@@@@  @
                                        @                                             @
                                        @@@@@@@@@@@@@@@@@@@@@@@@@@@@@@@@@@@@@@@@@@@@@@@

                                     iTOUGH2 V7.1, FEBRUARY 3, 2017 FOR LINUX, S. FINSTERLE
                                COPYRIGHT (C) 2016, THE REGENTS OF THE UNIVERSITY OF CALIFORNIA
                                     THROUGH LAWRENCE BERKELEY NATIONAL LABORATORY
                                                  ALL RIGHTS RESERVED

 ==================================================================================================================================
                                          >>>>>>>>>>>>> 26-Jan-17  20:52 <<<<<<<<<<<<<
 ==================================================================================================================================
 iTOUGH2 INPUT FILE            :  sam6i
 TOUGH2 INPUT FILE             :  sam6
 WORKING DIRECTORY             :  /Users/stefanfinsterle/itough2/Samples/sample6
 TEMPORARY DIRECTORY           :  /Users/stefanfinsterle/it2_75584
 EQUATION OF STATE MODULE      :  4 --> Non-isothermal, water and air, with vapor pressure lowering
 COMPONENTS                    :  WATER     AIR       HEAT                                    
 PHASES                        :  GAS       LIQUID                        
 TOUGH2 TITLE                  :  sam6: Ventilation experiment                                                    
 ==================================================================================================================================

 --- Line   170 ignored.

 *****  WARNING *****
 * Dataset No.    9 does not contain data between first calibration time ( 7.9900E+01) and first measurement time ( 8.0000E+01 [day]).
 * Use command >>>> WINDOW: T_MIN T_MAX to avoid warning message.
 * Data extrapolated! Data points (value =  3.000000E-01) are added between time 7.990000E+01 and 8.000000E+01 [day].
 *****  WARNING *****

 **********************************************************************************************************************************
                                                              INPUT
 **********************************************************************************************************************************


 PARAMETERS
 ==========

 ----------------------------------------------------------------------------------------------------------------------------------
  # ANNOTATION      PARAMETER TYPE    ROCKS  PRIOR INFO. INIT. GUESS    STD. DEV.  LOWER BOUND  UPPER BOUND   MAX. STEP   INDEX
 ----------------------------------------------------------------------------------------------------------------------------------
  1 Permeability    ABSOLUTE PERM.   MATRI   -1.7000E+01 -1.7000E+01 NOT WEIGHTED -2.20000E+01 -1.50000E+01   UNLIMITED   1   2   3
  2 vG n            CAP. PRESSURE    MATRI    3.0000E+00  3.0000E+00 NOT WEIGHTED  1.00000E+00  6.00000E+00   UNLIMITED   1
  3 vG 1/alpha      CAP. PRESSURE    MATRI    6.0000E+00  6.0000E+00 NOT WEIGHTED    UNBOUNDED    UNBOUNDED   UNLIMITED   2
 ----------------------------------------------------------------------------------------------------------------------------------


 ----------------------------------------------------------------------------------------------------------------------------------
  ADJUSTABLE PARAMETER = TRANSFORMED MODEL INPUT PARAMETER (MIP)
 ----------------------------------------------------------------------------------------------------------------------------------
  1  Permeability      = LOG10(MIP)
  2  vG n              =       MIP 
  3  vG 1/alpha        = LOG10(MIP)
 ----------------------------------------------------------------------------------------------------------------------------------


 OBSERVATIONS
 ============


 TIMES:    27  [day]                                         
 -------------------
            1.000000            2.000000            3.000000            4.162913            5.416979
            6.769345            8.227715            9.800399           11.496356           13.325249
           15.297499           17.424342           19.717897           22.191230           24.858433
           27.734703           30.836428           34.181279           37.788314           41.678083
           45.872750           50.396212           55.274243           60.534634           66.207358
           72.324734           80.000000


 ----------------------------------------------------------------------------------------------------------------------------------
 SET ANNOTATION      DATATYPE        ELEME/CONNE       STD. DEV. MIN. TIME MAX. TIME LOG(V/M/S) #DATA     #CALI     FACTOR  IOBS
 ----------------------------------------------------------------------------------------------------------------------------------
   1 PC(LIQUI) RR 19 CAPILLARY PRES. RR 19          REL. 10.00 % 0.000E+00 8.399E+01     VALUE  DATA:   40   27  1.000E+05  2
   2 PC(LIQUI) RR 39 CAPILLARY PRES. RR 39          REL. 10.00 % 0.000E+00 8.399E+01     VALUE  DATA:   40   27  1.000E+05  2
   3 PC(LIQUI) RR 53 CAPILLARY PRES. RR 53          REL. 10.00 % 0.000E+00 8.399E+01     VALUE  DATA:   40   27  1.000E+05  2
   4 PC(LIQUI) RR 76 CAPILLARY PRES. RR 76          REL. 10.00 % 0.000E+00 8.399E+01     VALUE  DATA:   40   27  1.000E+05  2
   5 PC(LIQUI) RR101 CAPILLARY PRES. RR101          REL. 10.00 % 0.000E+00 8.399E+01     VALUE  DATA:   40   27  1.000E+05  2
   6 PC(LIQUI) RR128 CAPILLARY PRES. RR128          REL. 10.00 % 0.000E+00 8.399E+01     VALUE  DATA:   40   27  1.000E+05  2
   7 P(GAS) RR160    PRESSURE        RR160           1.00000E+04 7.990E+01 8.010E+01     VALUE  DATA:    2    1  1.000E+06  1
   8 P(GAS) RR188    PRESSURE        RR188           1.00000E+04 7.990E+01 8.010E+01     VALUE  DATA:    2    1  1.000E+06  1
   9 Average evapora dMASS IN PLACE  ALL             7.60000E-01 7.990E+01 8.010E+01     VALUE  DATA:    2    1  7.600E+01  1
 ----------------------------------------------------------------------------------------------------------------------------------


 --------------------------------------------------
 Number of datasets                    :    9
 Number of calibration times           :   27                                          
 Number of calibration points          :  165
 Number of predictions                 :    0
 Number of dummy observations          :    0
 Number of specified parameters        :    3
 Number of TOUGH-related parameters    :    3
 Number of TOUGH-independent parameters:    0
 Number of inactive parameters         :    0
 Number of tied parameters             :    0
 Number of adjustable parameters   (n) :    3
 Number of superparameters (max.)      :    0
 Number of parameters with prior info. :          0
 Number of regularization terms        :          0
 Number of PRESSURE                    :          2
 Number of CAPILLARY PRES.             :        162
 Number of MASS IN PLACE               :          1
                                              -----
 Total number of observations      (m) :        165                                    
                                              =====
 Degree of freedom               (m-n) :  162
 --------------------------------------------------


 COMPUTATIONAL PARAMETERS
 ========================

 Algorithm or application mode                   :           Levenberg-Marquardt                                                  
 Maximum number of iTOUGH2 iterations            :                             6
 Maximum number of TOUGH2 calls                  :                          9999
 Maximum number of uphill steps                  :                            10
 Maximum size of scaled parameter step           :                   5.00000E-01
 Initial Levenberg parameter                     :                      1.00E+00
 Marquardt parameter                             :                     -1.00E+01
 Finite difference quotient for Jacobian         :           forward -> centered
 Diagonal of Tikhonov matrix                     :     Diagonal of normal matrix
 Automatic FD update of Jacobian                 :                             0
 Skip iterations with FD update of Jacobian      :                             0
 Broyden rank-one update of Jacobian             :                             0
 Increment factor for computing derivatives      :                      1.00E-02
 Simple parameter bounds enforced by             :         Hard parameter bounds
 Variance for error analysis                     :                  a posteriori
 Format of plotfile                              :                       Tecplot
 Objective Function                              :                 Least-Squares


 COMPUTER SYSTEM
 ===============

 Machine type                                    : Linux               
 UNIX script file name                           : /Users/stefanfinsterle/itough2/Scripts/itough2                                  
 UNIX command line arguments                     : sam6i sam6 4
 Host name                                       : Stefans-iMac.local
 User name                                       : stefanfinsterle
 Compilation date                                : Thu Jan 26 20:48:09 PST 2017            
 Compiler                                        : gfortran             
 Compiler options                                : -c -O3 -fsign-zero -ffree-line-length-none                      
 Executable                                      : /Users/stefanfinsterle/itough2/Executable/itough2.mac


 --- End of iTOUGH2 input job:   190 lines read,    0.02 CPU-seconds used


 **********************************************************************************************************************************
                                                              OUTPUT
 **********************************************************************************************************************************


 LEVENBERG-MARQUARDT ALGORITHM                               

 I  = NEW ITERATION        J  = JACOBIAN           S  = STEP      U  = UNSUCCESSFUL STEP
 PS = PARAMETER SELECTION  PU = PARAMETER UPDATE   B  = BOUNDS    M  = MESSAGE

 ----------------------------------------------------------------------------------------------------------------------------------
 ITER TOUGH2 OBJ FUNC. MAX. RESID. EQU.    Permeability            vG n      vG 1/alpha
 ----------------------------------------------------------------------------------------------------------------------------------
>I  0    1 6.76451E+04 6.64335E+04  168   -1.700000E+01    3.000000E+00    6.000000E+00
 Finite-difference update of Jacobian matrix (   3 active parameters)
 J  1 Gradient     =   3.78371E+05 (forward)
 --------------------------------------------------------------------
 S    Step size    =   2.02228E+00     Scaled step size =  6.718968E-01  Max. step size =  5.000000E-01  --> Step reduced!
 DOF  Objective function reduced by  86.79%
 SVD  Singular values of (JT*P*J)  :       1.052828E+03    4.586646E+00    1.810916E+02
 PU   Log(LP)=  0. Parameter update:      -1.109710E-01   -1.499560E+00   -6.124556E-02
>I  1    5 8.93547E+03 7.25894E+03  168   -1.711097E+01    1.500440E+00    5.938754E+00
 Finite-difference update of Jacobian matrix (   3 active parameters)
 J  2 Gradient     =   4.72300E+04 (forward)
 --------------------------------------------------------------------
 S    Step size    =   4.03723E-01     Scaled step size =  2.833368E-02
 DOF  Objective function reduced by  71.61%
 SVD  Singular values of (JT*P*J)  :       4.094772E+02    2.182694E+01    1.733655E+02
 PU   Log(LP)= -1. Parameter update:      -3.936450E-01    2.282066E-02    8.668935E-02
>I  2    9 2.53713E+03 1.22381E+03  168   -1.750462E+01    1.523261E+00    6.025444E+00
 Finite-difference update of Jacobian matrix (   3 active parameters)
 J  3 Gradient     =   6.14234E+03 (forward)
 --------------------------------------------------------------------
 S    Step size    =   8.08945E-01     Scaled step size =  1.345902E-01
 DOF  Objective function reduced by  78.74%
 SVD  Singular values of (JT*P*J)  :       1.349859E+02    2.124033E+01    2.646155E+02
 PU   Log(LP)= -2. Parameter update:      -6.975440E-01    3.758046E-01    1.630828E-01
>I  3   13 5.39442E+02 8.80655E+01  168   -1.820216E+01    1.899066E+00    6.188527E+00
 Finite-difference update of Jacobian matrix (   3 active parameters)
 J  4 Gradient     =   1.68410E+03 (forward)
 --------------------------------------------------------------------
 S    Step size    =   5.67535E-01     Scaled step size =  1.472790E-01
 DOF  Objective function reduced by  70.05%
 SVD  Singular values of (JT*P*J)  :       7.025302E+01    1.327549E+01    2.574710E+02
 PU   Log(LP)= -3. Parameter update:      -3.575947E-01    4.361683E-01    6.308267E-02
>I  4   17 1.61565E+02 1.45825E+01  166   -1.855975E+01    2.335234E+00    6.251609E+00
 Finite-difference update of Jacobian matrix (   3 active parameters)
 J  5 Gradient     =   2.40552E+03 (forward)
 --------------------------------------------------------------------
 S    Step size    =   1.09412E-01     Scaled step size =  3.430046E-02
 DOF  Objective function reduced by  14.44%
 SVD  Singular values of (JT*P*J)  :       5.593274E+01    1.028175E+01    2.547891E+02
 PU   Log(LP)= -3. Parameter update:       3.361743E-02    1.022630E-01   -1.957324E-02
>I  5   21 1.38230E+02 1.37147E+01  166   -1.852614E+01    2.437497E+00    6.232036E+00
 Finite-difference update of Jacobian matrix (   3 active parameters)
 J  6 Gradient     =   2.28619E+02 (centered)
 --------------------------------------------------------------------
 S    Step size    =   2.91714E-02     Scaled step size =  6.382825E-03
 ----->  Run No.  28 aborted at time 6.91200E+06 - Calibration point No.     168 - Obj. func. exceeds minimum (1.37773E+02)
 DOF  Objective function increased by   0.20%
 U       1. unsuccessful step!              S(k+1)/S(k) =  1.001970E+00
 S    Step size    =   2.88080E-02     Scaled step size =  6.324863E-03
 ----->  Run No.  29 aborted at time 6.91200E+06 - Calibration point No.     168 - Obj. func. exceeds minimum (1.37773E+02)
 DOF  Objective function increased by   0.19%
 U       2. unsuccessful step!              S(k+1)/S(k) =  1.001852E+00
 S    Step size    =   2.31533E-02     Scaled step size =  5.370276E-03
 ----->  Run No.  30 aborted at time 6.91200E+06 - Calibration point No.     168 - Obj. func. exceeds minimum (1.37773E+02)
 DOF  Objective function increased by   0.03%
 U       3. unsuccessful step!              S(k+1)/S(k) =  1.000337E+00
 S    Step size    =   4.31739E-03     Scaled step size =  1.035044E-03
 ----->  Run No.  31 aborted at time 6.91200E+06 - Calibration point No.     168 - Obj. func. exceeds minimum (1.37773E+02)
 DOF  Objective function reduced by   0.09%
 SVD  Singular values of (JT*P*J)  :       5.766593E+01    9.496454E+00    2.507607E+02
 PU   Log(LP)=  0. Parameter update:       3.043690E-03   -3.057102E-03    1.729470E-04
>I  6   31 1.38107E+02 1.35037E+01  166   -1.852309E+01    2.434440E+00    6.232209E+00

 C   Maximum number of iterations reached. MITER =    6  --> Terminate!


 **********************************************************************************************************************************
                                                       SENSITIVITY ANALYSIS
 **********************************************************************************************************************************

 Element Sij of the scaled sensitivity matrix is the partial derivative of the calculated system response zi with respect to
 parameter pj, scaled by inverses of the respective standard deviations:

       dz  * sigma(p )
         i          j
 S   = ---------------
  ij   dp  * sigma(z )
         j          i

        TIME   #  OBSERVATION        Permeability            vG n      vG 1/alpha           TOTAL
 1.00000E+00   4  PC(LIQUI) RR 19        -6.73701         0.00454       -15.41654        22.15809
 2.00000E+00  10  PC(LIQUI) RR 19        -6.15154         0.15635       -15.25502        21.56290
 3.00000E+00  16  PC(LIQUI) RR 19        -5.55731         0.23256       -14.43140        20.22127
 4.16291E+00  22  PC(LIQUI) RR 19       -10.16878         0.44588       -14.18450        24.79917
 5.41698E+00  28  PC(LIQUI) RR 19        -8.66433         0.45775       -14.54183        23.66391
 6.76935E+00  34  PC(LIQUI) RR 19        -7.75779         0.48254       -14.92476        23.16509
 8.22772E+00  40  PC(LIQUI) RR 19        -6.67579         0.47779       -14.24660        21.40017
 9.80040E+00  46  PC(LIQUI) RR 19        -6.45902         0.52139       -14.94245        21.92286
 1.14964E+01  52  PC(LIQUI) RR 19        -6.29038         0.56336       -15.51789        22.37163
 1.33252E+01  58  PC(LIQUI) RR 19        -6.16480         0.60445       -16.02511        22.79436
 1.52975E+01  64  PC(LIQUI) RR 19        -5.76950         0.61276       -15.66588        22.04814
 1.74243E+01  70  PC(LIQUI) RR 19        -5.54663         0.63267       -15.63035        21.80966
 1.97179E+01  76  PC(LIQUI) RR 19        -5.51203         0.67060       -16.04211        22.22475
 2.21912E+01  82  PC(LIQUI) RR 19        -5.23992         0.67615       -15.69201        21.60809
 2.48584E+01  88  PC(LIQUI) RR 19        -4.92370         0.67078       -15.12921        20.72369
 2.77347E+01  94  PC(LIQUI) RR 19        -4.84158         0.69373       -15.23084        20.76614
 3.08364E+01 100  PC(LIQUI) RR 19        -4.76436         0.71571       -15.31819        20.79826
 3.41813E+01 106  PC(LIQUI) RR 19        -4.60503         0.72334       -15.11180        20.44017
 3.77883E+01 112  PC(LIQUI) RR 19        -4.44544         0.72849       -14.87385        20.04778
 4.16781E+01 118  PC(LIQUI) RR 19        -4.47260         0.76321       -15.24556        20.48137
 4.58727E+01 124  PC(LIQUI) RR 19        -4.26165         0.75606       -14.79025        19.80795
 5.03962E+01 130  PC(LIQUI) RR 19        -4.22582         0.77841       -14.92597        19.93019
 5.52742E+01 136  PC(LIQUI) RR 19        -4.04351         0.77253       -14.53171        19.34775
 6.05346E+01 142  PC(LIQUI) RR 19        -4.08353         0.80852       -14.93081        19.82287
 6.62074E+01 148  PC(LIQUI) RR 19        -4.12060         0.84500       -15.32966        20.29527
 7.23247E+01 154  PC(LIQUI) RR 19        -4.10067         0.87063       -15.52601        20.49731
 8.00000E+01 160  PC(LIQUI) RR 19        -3.98302         0.88000       -15.39748        20.26050
 1.00000E+00   5  PC(LIQUI) RR 39       -10.21320        -0.61723       -17.41054        28.24097
 2.00000E+00  11  PC(LIQUI) RR 39        -8.61821        -0.40243       -16.48933        25.50997
 3.00000E+00  17  PC(LIQUI) RR 39        -8.09624        -0.29434       -16.50923        24.89981
 4.16291E+00  23  PC(LIQUI) RR 39       -14.08747        -0.01089       -16.48417        30.58253
 5.41698E+00  29  PC(LIQUI) RR 39       -11.50419        -0.00827       -16.09702        27.60949
 6.76935E+00  35  PC(LIQUI) RR 39       -10.07662         0.00729       -16.13345        26.21737
 8.22772E+00  41  PC(LIQUI) RR 39        -9.00866         0.02868       -16.00138        25.03871
 9.80040E+00  47  PC(LIQUI) RR 39        -8.35651         0.05306       -16.10962        24.51919
 1.14964E+01  53  PC(LIQUI) RR 39        -7.81245         0.07805       -16.09120        23.98169
 1.33252E+01  59  PC(LIQUI) RR 39        -7.34098         0.10235       -15.97125        23.41457
 1.52975E+01  65  PC(LIQUI) RR 39        -6.94282         0.12563       -15.82151        22.88996
 1.74243E+01  71  PC(LIQUI) RR 39        -6.72313         0.15045       -15.94668        22.82026
 1.97179E+01  77  PC(LIQUI) RR 39        -6.39150         0.17093       -15.70380        22.26623
 2.21912E+01  83  PC(LIQUI) RR 39        -6.26130         0.19512       -15.87678        22.33320
 2.48584E+01  89  PC(LIQUI) RR 39        -6.04029         0.21516       -15.76153        22.01698
 2.77347E+01  95  PC(LIQUI) RR 39        -5.87465         0.23560       -15.73901        21.84927
 3.08364E+01 101  PC(LIQUI) RR 39        -5.71429         0.25493       -15.69020        21.65942
 3.41813E+01 107  PC(LIQUI) RR 39        -5.60406         0.27540       -15.74771        21.62718
 3.77883E+01 113  PC(LIQUI) RR 39        -5.49714         0.29520       -15.79083        21.58316
 4.16781E+01 119  PC(LIQUI) RR 39        -5.34711         0.31167       -15.68745        21.34623
 4.58727E+01 125  PC(LIQUI) RR 39        -5.20996         0.32778       -15.60042        21.13815
 5.03962E+01 131  PC(LIQUI) RR 39        -5.10289         0.34488       -15.58733        21.03511
 5.52742E+01 137  PC(LIQUI) RR 39        -5.02399         0.36332       -15.65012        21.03743
 6.05346E+01 143  PC(LIQUI) RR 39        -4.95731         0.38231       -15.74571        21.08534
 6.62074E+01 149  PC(LIQUI) RR 39        -4.97102         0.40770       -16.09969        21.47842
 7.23247E+01 155  PC(LIQUI) RR 39        -4.91996         0.42815       -16.25072        21.59884
 8.00000E+01 161  PC(LIQUI) RR 39        -4.81446         0.44754       -16.27445        21.53645
 1.00000E+00   6  PC(LIQUI) RR 53       -12.12638        -0.91975       -17.34538        30.39151
 2.00000E+00  12  PC(LIQUI) RR 53       -10.71214        -0.72741       -17.28701        28.72655
 3.00000E+00  18  PC(LIQUI) RR 53        -9.87090        -0.60885       -17.16408        27.64383
 4.16291E+00  24  PC(LIQUI) RR 53       -16.40107        -0.31053       -17.41808        34.12968
 5.41698E+00  30  PC(LIQUI) RR 53       -13.68432        -0.30310       -17.25878        31.24620
 6.76935E+00  36  PC(LIQUI) RR 53       -11.90413        -0.28121       -17.08849        29.27384
 8.22772E+00  42  PC(LIQUI) RR 53       -10.28546        -0.24447       -16.32092        26.85085
 9.80040E+00  48  PC(LIQUI) RR 53        -9.75808        -0.22390       -16.77066        26.75264
 1.14964E+01  54  PC(LIQUI) RR 53        -9.02706        -0.19342       -16.56161        25.78209
 1.33252E+01  60  PC(LIQUI) RR 53        -8.47042        -0.16440       -16.41547        25.05030
 1.52975E+01  66  PC(LIQUI) RR 53        -7.95412        -0.13546       -16.15590        24.24548
 1.74243E+01  72  PC(LIQUI) RR 53        -7.84084        -0.11280       -16.59273        24.54637
 1.97179E+01  78  PC(LIQUI) RR 53        -7.54010        -0.08706       -16.54883        24.17599
 2.21912E+01  84  PC(LIQUI) RR 53        -7.19545        -0.06158       -16.32059        23.57762
 2.48584E+01  90  PC(LIQUI) RR 53        -6.91968        -0.03774       -16.17451        23.13193
 2.77347E+01  96  PC(LIQUI) RR 53        -6.76661        -0.01527       -16.26338        23.04527
 3.08364E+01 102  PC(LIQUI) RR 53        -6.61874         0.00672       -16.32783        22.95330
 3.41813E+01 108  PC(LIQUI) RR 53        -6.47326         0.02819       -16.36676        22.86821
 3.77883E+01 114  PC(LIQUI) RR 53        -6.32923         0.04906       -16.38225        22.76054
 4.16781E+01 120  PC(LIQUI) RR 53        -6.11931         0.06857       -16.19979        22.38766
 4.58727E+01 126  PC(LIQUI) RR 53        -5.92275         0.08714       -16.02533        22.03522
 5.03962E+01 132  PC(LIQUI) RR 53        -5.85029         0.10693       -16.17007        22.12729
 5.52742E+01 138  PC(LIQUI) RR 53        -5.74615         0.12585       -16.21855        22.09056
 6.05346E+01 144  PC(LIQUI) RR 53        -5.72540         0.14653       -16.49932        22.37125
 6.62074E+01 150  PC(LIQUI) RR 53        -5.89483         0.17306       -17.34430        23.41220
 7.23247E+01 156  PC(LIQUI) RR 53        -5.71949         0.18994       -17.18476        23.09420
 8.00000E+01 162  PC(LIQUI) RR 53        -5.69250         0.21498       -17.52994        23.43742
 1.00000E+00   7  PC(LIQUI) RR 76        -8.35071        -1.21289       -12.94576        22.50937
 2.00000E+00  13  PC(LIQUI) RR 76        -9.20338        -1.02592       -13.94798        24.17728
 3.00000E+00  19  PC(LIQUI) RR 76        -9.97117        -0.87637       -14.32791        25.17546
 4.16291E+00  25  PC(LIQUI) RR 76       -14.27705        -0.67318       -14.74181        29.69204
 5.41698E+00  31  PC(LIQUI) RR 76       -12.95459        -0.63272       -14.66368        28.25099
 6.76935E+00  37  PC(LIQUI) RR 76       -12.70052        -0.64597       -15.69277        29.03926
 8.22772E+00  43  PC(LIQUI) RR 76       -11.78050        -0.61825       -15.73263        28.13138
 9.80040E+00  49  PC(LIQUI) RR 76       -11.28202        -0.60404       -16.12265        28.00871
 1.14964E+01  55  PC(LIQUI) RR 76       -10.51060        -0.56820       -15.93411        27.01291
 1.33252E+01  61  PC(LIQUI) RR 76        -9.93263        -0.53748       -15.86037        26.33047
 1.52975E+01  67  PC(LIQUI) RR 76        -9.67410        -0.52021       -16.17662        26.37093
 1.74243E+01  73  PC(LIQUI) RR 76        -9.44371        -0.50158       -16.45904        26.40433
 1.97179E+01  79  PC(LIQUI) RR 76        -9.44901        -0.49312       -17.09915        27.04129
 2.21912E+01  85  PC(LIQUI) RR 76        -9.00228        -0.45952       -16.86226        26.32405
 2.48584E+01  91  PC(LIQUI) RR 76        -8.85454        -0.44027       -17.12374        26.41854
 2.77347E+01  97  PC(LIQUI) RR 76        -8.63385        -0.41657       -17.20277        26.25319
 3.08364E+01 103  PC(LIQUI) RR 76        -8.41660        -0.39262       -17.24821        26.05744
 3.41813E+01 109  PC(LIQUI) RR 76        -8.19962        -0.36849       -17.25844        25.82655
 3.77883E+01 115  PC(LIQUI) RR 76        -7.98274        -0.34436       -17.23696        25.56407
 4.16781E+01 121  PC(LIQUI) RR 76        -7.90632        -0.32617       -17.49778        25.73027
 4.58727E+01 127  PC(LIQUI) RR 76        -7.65699        -0.30091       -17.35617        25.31407
 5.03962E+01 133  PC(LIQUI) RR 76        -7.45119        -0.27776       -17.28933        25.01827
 5.52742E+01 139  PC(LIQUI) RR 76        -7.21003        -0.25376       -17.11957        24.58335
 6.05346E+01 145  PC(LIQUI) RR 76        -6.98072        -0.23076       -16.95834        24.16983
 6.62074E+01 151  PC(LIQUI) RR 76        -6.94976        -0.21451       -17.27350        24.43777
 7.23247E+01 157  PC(LIQUI) RR 76        -6.85429        -0.19618       -17.43331        24.48378
 8.00000E+01 163  PC(LIQUI) RR 76        -6.68537        -0.17366       -17.47003        24.32906
 1.00000E+00   8  PC(LIQUI) RR101        -7.55292        -1.49693       -11.54383        20.59368
 2.00000E+00  14  PC(LIQUI) RR101        -9.42719        -1.61295       -14.42341        25.46355
 3.00000E+00  20  PC(LIQUI) RR101        -9.32969        -1.50244       -14.72332        25.55545
 4.16291E+00  26  PC(LIQUI) RR101       -13.25321        -1.36278       -15.63970        30.25569
 5.41698E+00  32  PC(LIQUI) RR101       -12.46750        -1.32861       -16.11919        29.91530
 6.76935E+00  38  PC(LIQUI) RR101       -11.70177        -1.23137       -15.92469        28.85783
 8.22772E+00  44  PC(LIQUI) RR101       -12.38112        -1.23306       -17.13575        30.74993
 9.80040E+00  50  PC(LIQUI) RR101       -13.31453        -1.22804       -18.38271        32.92528
 1.14964E+01  56  PC(LIQUI) RR101       -13.35026        -1.14439       -18.34863        32.84329
 1.33252E+01  62  PC(LIQUI) RR101       -12.92572        -1.05010       -17.84110        31.81692
 1.52975E+01  68  PC(LIQUI) RR101       -12.78612        -1.00312       -17.88233        31.67157
 1.74243E+01  74  PC(LIQUI) RR101       -12.96934        -0.99689       -18.50781        32.47404
 1.97179E+01  80  PC(LIQUI) RR101       -13.05351        -0.99225       -19.09208        33.13784
 2.21912E+01  86  PC(LIQUI) RR101       -13.07165        -0.98785       -19.64278        33.70227
 2.48584E+01  92  PC(LIQUI) RR101       -12.94059        -0.97477       -20.00021        33.91556
 2.77347E+01  98  PC(LIQUI) RR101       -12.58404        -0.94570       -20.00823        33.53796
 3.08364E+01 104  PC(LIQUI) RR101       -12.20620        -0.91512       -19.96077        33.08209
 3.41813E+01 110  PC(LIQUI) RR101       -11.81174        -0.88292       -19.85726        32.55192
 3.77883E+01 116  PC(LIQUI) RR101       -11.40800        -0.84948       -19.70536        31.96284
 4.16781E+01 122  PC(LIQUI) RR101       -10.53347        -0.78062       -18.68458        29.99867
 4.58727E+01 128  PC(LIQUI) RR101       -10.07871        -0.74264       -18.35067        29.17203
 5.03962E+01 134  PC(LIQUI) RR101        -9.66734        -0.70761       -18.06054        28.43549
 5.52742E+01 140  PC(LIQUI) RR101        -9.38409        -0.68175       -17.98424        28.05008
 6.05346E+01 146  PC(LIQUI) RR101        -8.74440        -0.63010       -17.18982        26.56431
 6.62074E+01 152  PC(LIQUI) RR101        -8.55409        -0.61099       -17.25004        26.41512
 7.23247E+01 158  PC(LIQUI) RR101        -8.30360        -0.58764       -17.18165        26.07289
 8.00000E+01 164  PC(LIQUI) RR101        -8.35128        -0.58460       -17.81193        26.74781
 1.00000E+00   9  PC(LIQUI) RR128        -3.64237        -2.19640       -13.24436        19.08313
 2.00000E+00  15  PC(LIQUI) RR128        -6.91030        -2.10570       -14.06308        23.07909
 3.00000E+00  21  PC(LIQUI) RR128       -10.44762        -2.54425       -18.28487        31.27674
 4.16291E+00  27  PC(LIQUI) RR128       -12.61778        -2.29300       -17.96342        32.87420
 5.41698E+00  33  PC(LIQUI) RR128       -12.03205        -2.06884       -17.06962        31.17051
 6.76935E+00  39  PC(LIQUI) RR128       -12.99295        -2.16952       -18.69788        33.86034
 8.22772E+00  45  PC(LIQUI) RR128       -13.46466        -2.21259       -19.81026        35.48751
 9.80040E+00  51  PC(LIQUI) RR128       -13.13098        -2.13825       -19.81461        35.08385
 1.14964E+01  57  PC(LIQUI) RR128       -12.55806        -2.03325       -19.45093        34.04224
 1.33252E+01  63  PC(LIQUI) RR128       -12.75219        -2.05491       -20.26014        35.06725
 1.52975E+01  69  PC(LIQUI) RR128       -12.37435        -1.98287       -20.13086        34.48808
 1.74243E+01  75  PC(LIQUI) RR128       -13.28246        -2.11093       -22.06524        37.45863
 1.97179E+01  81  PC(LIQUI) RR128       -12.92692        -2.02862       -21.84647        36.80202
 2.21912E+01  87  PC(LIQUI) RR128       -11.89341        -1.83185       -20.35166        34.07691
 2.48584E+01  93  PC(LIQUI) RR128       -12.71753        -1.90842       -21.91540        36.54135
 2.77347E+01  99  PC(LIQUI) RR128       -12.84542        -1.86337       -22.16770        36.87648
 3.08364E+01 105  PC(LIQUI) RR128       -13.01150        -1.81125       -22.37283        37.19558
 3.41813E+01 111  PC(LIQUI) RR128       -12.88884        -1.71195       -21.99659        36.59738
 3.77883E+01 117  PC(LIQUI) RR128       -12.75459        -1.61145       -21.56091        35.92694
 4.16781E+01 123  PC(LIQUI) RR128       -11.49365        -1.38111       -19.24420        32.11896
 4.58727E+01 129  PC(LIQUI) RR128       -11.57621        -1.32677       -19.23358        32.13656
 5.03962E+01 135  PC(LIQUI) RR128       -10.91783        -1.19970       -18.06009        30.17762
 5.52742E+01 141  PC(LIQUI) RR128       -10.58788        -1.12277       -17.50977        29.22042
 6.05346E+01 147  PC(LIQUI) RR128       -10.73701        -1.10683       -17.83414        29.67798
 6.62074E+01 153  PC(LIQUI) RR128       -10.15619        -1.02511       -17.02163        28.20293
 7.23247E+01 159  PC(LIQUI) RR128       -10.17525        -1.01226       -17.28188        28.46939
 8.00000E+01 165  PC(LIQUI) RR128        -9.94559        -0.98082       -17.24761        28.17402
 8.00000E+01 166  P(GAS) RR160          -15.43910        -0.07643        -7.05053        22.56606
 8.00000E+01 167  P(GAS) RR188           -7.69241        -0.03127        -2.84375        10.56742
 8.00000E+01 168  Average evapora        69.57203         1.35409        23.41680        94.34292
 ------------------------------------------------------------------------------------------------
                                     Permeability            vG n      vG 1/alpha           TOTAL
 ------------------------------------------------------------------------------------------------
 Sum of sensitivity coefficients        892.13467       394.56093      4598.60436
 Parameter variation sigma(p)      (      1.70000) (      0.30000) (      0.60000)
 ------------------------------------------------------------------------------------------------
 Total from data  PC(LIQUI) RR 19           149.6            16.5           408.9           575.0
 Total from data  PC(LIQUI) RR 39           190.5             6.5           432.3           629.3
 Total from data  PC(LIQUI) RR 53           222.5             5.6           449.9           678.1
 Total from data  PC(LIQUI) RR 76           248.3            13.3           441.0           702.7
 Total from data  PC(LIQUI) RR101           302.2            27.1           477.3           806.5
 Total from data  PC(LIQUI) RR128           310.8            47.8           516.5           875.2
 Total from data  P(GAS) RR160               15.4             0.1             7.1            22.6
 Total from data  P(GAS) RR188                7.7             0.0             2.8            10.6
 Total from data  Average evapora            69.6             1.4            23.4            94.3
 ------------------------------------------------------------------------------------------------
 Total parameter influence                 1516.6           118.4          2759.2 
 ================================================================================================

 () : parameter variation is assumed to be 10% of initial guess
 {} : parameter variation is set to one (no prior variation was specified, and initial guess is zero)
 [] : sensitivity coefficients not based on last iteration



 **********************************************************************************************************************************
                                                          ERROR ANALYSIS
 **********************************************************************************************************************************

 Error analysis is based on >>> a posteriori <<< variance:      0.8504523


 Covariance(L+D)/Correlation(U) Matrix of Estimated Parameters
 -------------------------------------------------------------
                      Permeability            vG n      vG 1/alpha
 Permeability          6.46602E-04          -0.377          -0.825
 vG n                 -2.78589E-04     8.45800E-04           0.036
 vG 1/alpha           -1.11207E-04     5.50072E-06     2.81132E-05


 Matrix of Pairwise Correlations
 -------------------------------
                      Permeability            vG n      vG 1/alpha
 Permeability                1.000          -0.615          -0.876
 vG n                       -0.615           1.000          -0.525
 vG 1/alpha                 -0.876          -0.525           1.000


 Standard Deviations
 -------------------
 A PRIORI    : Uncertainty of prior information
 CONDITIONAL : Estimation uncertainty assuming all other parameters are perfectly known
 MARGINAL    : Estimation uncertainty (accounts for parameter correlations)
 C/M         : Ratio of conditional over marginal estimation uncertainties (measure of parameter independence)
 1-M/P       : Relative parameter error reduction (negative may indicate inconsistency between prior information and estimate)

 PARAMETER        BEST ESTIMATE      A PRIORI   CONDITIONAL      MARGINAL            C/M          1-M/P
 vG n               2.43750E+00           N/A   2.29261E-02   2.90826E-02          0.788          1.000
 vG 1/alpha         6.23204E+00           N/A   2.55116E-03   5.30219E-03          0.481          1.000
 Permeability      -1.85218E+01           N/A   1.13408E-02   2.54284E-02          0.446          1.000


 Correlation Chart
 -----------------

 -1.0    -0.8    -0.6    -0.4    -0.2     0.0                 0.0     0.2     0.4     0.6     0.8     1.0
   |-------|-------|-------|-------|-------|    PARAMETER      |-------|-------|-------|-------|-------|

                             |-------------|       vG n        |                                       
                             |                                                                         
           |-----------------|-------------|    vG 1/alpha     |                                       
           |                 |                                                                         
           |-----------------|-------------|   Permeability                                            


 Eigenanalysis of Covariance Matrix (R-Mode Factor Analysis)
 -----------------------------------------------------------
 Performance index :  3.575E-02
 Condition number  :  1.677E+02


 Eigenvalues
 -----------

                                    1           2           3
   1 Eigenvalue    :        1.047E-03   4.675E-04   6.241E-06
  

 Eigenvectors
 ------------

                                    1           2           3
   1 Permeability           8.098E-01   5.838E-01   5.844E-02
   2 vG n                  -5.827E-01   7.888E-01   1.954E-01
   3 vG 1/alpha             6.799E-02  -1.923E-01   9.790E-01


 Check Linearity Assumption of Error Analysis
 --------------------------------------------

 Increment of standard deviation k=sqrt(n*F):    2.791485E+00

 Correction along semiaxis No.  1

 Step along semiaxis No. 1 leads to new parameter sets:
        best estimate                step    parameter set #1    parameter set #2
      -1.85218159E+01 +/-  4.76125763E-02     -1.84742034E+01     -1.85694285E+01
       2.43749703E+00 +/-  3.52359110E-02      2.47273294E+00      2.40226112E+00
       6.23203600E+00 +/- -1.16082915E-02      6.22042770E+00      6.24364429E+00
 
 Objective function at minimum, Smin        :    1.377733E+02
 Linear approximation = Smin + s0^2*k^2     :    1.444003E+02
 O.f. at parameter set #1   (numerically)   :    1.459524E+02
 O.f. at parameter set #2   (numerically)   :    1.438173E+02
 Original eigenvalue                        :    4.675432E-04
 Corrected eigenvalue                       :    4.457326E-04


 Correction along semiaxis No.  2

 Step along semiaxis No. 2 leads to new parameter sets:
        best estimate                step    parameter set #1    parameter set #2
      -1.85218159E+01 +/- -5.26284779E-02     -1.85744444E+01     -1.84691875E+01
       2.43749703E+00 +/-  7.31373123E-02      2.51063434E+00      2.36435972E+00
       6.23203600E+00 +/-  6.14064546E-03      6.23817664E+00      6.22589535E+00
 
 Objective function at minimum, Smin        :    1.377733E+02
 Linear approximation = Smin + s0^2*k^2     :    1.444003E+02
 O.f. at parameter set #1   (numerically)   :    1.454333E+02
 O.f. at parameter set #2   (numerically)   :    1.438859E+02
 Original eigenvalue                        :    1.046730E-03
 Corrected eigenvalue                       :    1.020202E-03


 Correction along semiaxis No.  3

 Step along semiaxis No. 3 leads to new parameter sets:
        best estimate                step    parameter set #1    parameter set #2
      -1.85218159E+01 +/-  1.36290275E-03     -1.85204530E+01     -1.85231788E+01
       2.43749703E+00 +/-  4.07519425E-04      2.43790455E+00      2.43708951E+00
       6.23203600E+00 +/-  6.82707089E-03      6.23886307E+00      6.22520892E+00
 
 Objective function at minimum, Smin        :    1.377733E+02
 Linear approximation = Smin + s0^2*k^2     :    1.444003E+02
 O.f. at parameter set #1   (numerically)   :    1.448103E+02
 O.f. at parameter set #2   (numerically)   :    1.447092E+02
 Original eigenvalue                        :    6.241021E-06
 Corrected eigenvalue                       :    5.920254E-06


 *****  MESSAGE  *****
 * The error analysis is now repeated for the corrected covariance matrix.
 *****  MESSAGE  *****



 **********************************************************************************************************************************
                                                          ERROR ANALYSIS
 **********************************************************************************************************************************

 Error analysis is based on >>> a posteriori <<< variance:      0.8504523


 Covariance(L+D)/Correlation(U) Matrix of Estimated Parameters
 -------------------------------------------------------------
                      Permeability            vG n      vG 1/alpha
 Permeability          6.24010E-04          -0.386          -0.826
 vG n                 -2.76118E-04     8.20968E-04           0.044
 vG 1/alpha           -1.06909E-04     6.47033E-06     2.68764E-05


 Matrix of Pairwise Correlations
 -------------------------------
                      Permeability            vG n      vG 1/alpha
 Permeability                1.000          -0.620          -0.877
 vG n                       -0.620           1.000          -0.528
 vG 1/alpha                 -0.877          -0.528           1.000


 Standard Deviations
 -------------------
 A PRIORI    : Uncertainty of prior information
 CONDITIONAL : Estimation uncertainty assuming all other parameters are perfectly known
 MARGINAL    : Estimation uncertainty (accounts for parameter correlations)
 C/M         : Ratio of conditional over marginal estimation uncertainties (measure of parameter independence)
 1-M/P       : Relative parameter error reduction (negative may indicate inconsistency between prior information and estimate)

 PARAMETER        BEST ESTIMATE      A PRIORI   CONDITIONAL      MARGINAL            C/M          1-M/P
 vG n               2.43750E+00           N/A   2.24497E-02   2.86525E-02          0.784          1.000
 vG 1/alpha         6.23204E+00           N/A   2.48474E-03   5.18425E-03          0.479          1.000
 Permeability      -1.85218E+01           N/A   1.10564E-02   2.49802E-02          0.443          1.000


 Correlation Chart
 -----------------

 -1.0    -0.8    -0.6    -0.4    -0.2     0.0                 0.0     0.2     0.4     0.6     0.8     1.0
   |-------|-------|-------|-------|-------|    PARAMETER      |-------|-------|-------|-------|-------|

                             |-------------|       vG n        ||                                      
                             |                                  |                                      
           |-----------------|-------------|    vG 1/alpha     ||                                      
           |                 |                                                                         
           |-----------------|-------------|   Permeability                                            


 Eigenanalysis of Covariance Matrix (R-Mode Factor Analysis)
 -----------------------------------------------------------
 Performance index :  1.532E-02
 Condition number  :  1.723E+02


 Eigenvalues
 -----------

                                    1           2           3
   1 Eigenvalue    :        1.020E-03   4.457E-04   5.920E-06
  

 Eigenvectors
 ------------

                                    1           2           3
   1 Permeability           8.098E-01   5.838E-01   5.844E-02
   2 vG n                  -5.827E-01   7.888E-01   1.954E-01
   3 vG 1/alpha             6.799E-02  -1.923E-01   9.790E-01



 **********************************************************************************************************************************
                                                         RESIDUAL ANALYSIS
 **********************************************************************************************************************************

 RESIDUAL : Measured - computed
 BC       : Box-Cox transformed data
 C.O.F.   : Relative contribution to final objective function
 STD. DEV.: A posteriori standard deviation of calculated system response
 Yi       : Local reliability or influence; observations with Yi < 0.25 are poorly controlled
 Wi       : Studentized residual; if abs(Wi) > u(0.95) = 1.96 observation is potential outlier
 DWi      : Data-Worth Analysis: Worth of potential and/or existing calibration data [-]
            Metric No. 1:  1-f(C+)/f(C) or 1-f(C)/f(C-), where f(C) = trace(Cpp)
            Changes in covariance matrix Cpp are caused by adding (+) potential or removing (-) existing calibration data points
            DWi not calculated probably because no Jacobian evaluated

 ----------------------------------------------------------------------------------------------------------------------------------
   #  OBSERVATION   AT TIME [day]     MEASURED     COMPUTED     RESIDUAL     WEIGHT C.O.F [%]    STD. DEV.    Yi      Wi    DWi +/-           
 ----------------------------------------------------------------------------------------------------------------------------------
   1  Permeability                -1.70000E+01 -1.85218E+01  1.52182E+00  1.000E-50     0.000    2.498E-02                    n/a  
   2  vG n                         3.00000E+00  2.43750E+00  5.62503E-01  1.000E-50     0.000    2.865E-02                    n/a  
   3  vG 1/alpha                   6.00000E+00  6.23204E+00 -2.32036E-01  1.000E-50     0.000    5.184E-03                    n/a  
   4  PC(LIQUI) RR 19 1.00000E+00 -1.47635E+06 -1.40184E+06 -7.45088E+04  6.773E-06     0.185  1.12436E+04  0.99   -0.51      n/a             
  10  PC(LIQUI) RR 19 2.00000E+00 -1.65953E+06 -1.57945E+06 -8.00832E+04  6.026E-06     0.169  1.38508E+04  0.99   -0.48      n/a             
  16  PC(LIQUI) RR 19 3.00000E+00 -1.86490E+06 -1.69042E+06 -1.74480E+05  5.362E-06     0.635  1.56657E+04  0.99   -0.94      n/a             
  22  PC(LIQUI) RR 19 4.16291E+00 -1.98414E+06 -1.78116E+06 -2.02986E+05  5.040E-06     0.760  2.29512E+04  0.98   -1.03      n/a             
  28  PC(LIQUI) RR 19 5.41698E+00 -2.00590E+06 -1.85117E+06 -1.54729E+05  4.985E-06     0.432  2.13345E+04  0.99   -0.78      n/a             
  34  PC(LIQUI) RR 19 6.76935E+00 -2.01360E+06 -1.91186E+06 -1.01738E+05  4.966E-06     0.185  2.11315E+04  0.99   -0.51      n/a             
  40  PC(LIQUI) RR 19 8.22772E+00 -2.16419E+06 -1.96573E+06 -1.98459E+05  4.621E-06     0.610  2.15175E+04  0.99   -0.92      n/a             
  46  PC(LIQUI) RR 19 9.80040E+00 -2.11038E+06 -2.01441E+06 -9.59697E+04  4.738E-06     0.150  2.21456E+04  0.99   -0.46      n/a             
  52  PC(LIQUI) RR 19 1.14964E+01 -2.07344E+06 -2.05903E+06 -1.44117E+04  4.823E-06     0.004  2.28671E+04  0.99   -0.07      n/a             
  58  PC(LIQUI) RR 19 1.33252E+01 -2.04480E+06 -2.10039E+06  5.55944E+04  4.890E-06     0.054  2.36175E+04  0.98    0.27      n/a             
  64  PC(LIQUI) RR 19 1.52975E+01 -2.12700E+06 -2.13910E+06  1.21009E+04  4.701E-06     0.002  2.43687E+04  0.98    0.06      n/a             
  70  PC(LIQUI) RR 19 1.74243E+01 -2.16514E+06 -2.17560E+06  1.04686E+04  4.619E-06     0.002  2.51087E+04  0.98    0.05      n/a             
  76  PC(LIQUI) RR 19 1.97179E+01 -2.14028E+06 -2.21024E+06  6.99591E+04  4.672E-06     0.078  2.58330E+04  0.98    0.33      n/a             
  82  PC(LIQUI) RR 19 2.21912E+01 -2.21793E+06 -2.24328E+06  2.53534E+04  4.509E-06     0.009  2.65406E+04  0.98    0.12      n/a             
  88  PC(LIQUI) RR 19 2.48584E+01 -2.33009E+06 -2.27495E+06 -5.51465E+04  4.292E-06     0.041  2.72318E+04  0.98   -0.24      n/a             
  94  PC(LIQUI) RR 19 2.77347E+01 -2.34283E+06 -2.30541E+06 -3.74220E+04  4.268E-06     0.019  2.79075E+04  0.98   -0.16      n/a             
 100  PC(LIQUI) RR 19 3.08364E+01 -2.35657E+06 -2.33481E+06 -2.17553E+04  4.243E-06     0.006  2.85691E+04  0.98   -0.09      n/a             
 106  PC(LIQUI) RR 19 3.41813E+01 -2.41529E+06 -2.36327E+06 -5.20135E+04  4.140E-06     0.034  2.92178E+04  0.98   -0.22      n/a             
 112  PC(LIQUI) RR 19 3.77883E+01 -2.48004E+06 -2.39089E+06 -8.91441E+04  4.032E-06     0.094  2.98548E+04  0.98   -0.36      n/a             
 118  PC(LIQUI) RR 19 4.16781E+01 -2.44429E+06 -2.41775E+06 -2.65413E+04  4.091E-06     0.009  3.04811E+04  0.98   -0.11      n/a             
 124  PC(LIQUI) RR 19 4.58727E+01 -2.54430E+06 -2.44391E+06 -1.00393E+05  3.930E-06     0.113  3.10979E+04  0.98   -0.40      n/a             
 130  PC(LIQUI) RR 19 5.03962E+01 -2.54505E+06 -2.46943E+06 -7.56202E+04  3.929E-06     0.064  3.17059E+04  0.98   -0.30      n/a             
 136  PC(LIQUI) RR 19 5.52742E+01 -2.63800E+06 -2.49436E+06 -1.43638E+05  3.791E-06     0.215  3.23061E+04  0.98   -0.55      n/a             
 142  PC(LIQUI) RR 19 6.05346E+01 -2.59016E+06 -2.51874E+06 -7.14187E+04  3.861E-06     0.055  3.28991E+04  0.98   -0.28      n/a             
 148  PC(LIQUI) RR 19 6.62074E+01 -2.54430E+06 -2.54260E+06 -1.70127E+03  3.930E-06     0.000  3.34856E+04  0.98   -0.01      n/a             
 154  PC(LIQUI) RR 19 7.23247E+01 -2.53285E+06 -2.56596E+06  3.31113E+04  3.948E-06     0.012  3.40661E+04  0.98    0.13      n/a             
 160  PC(LIQUI) RR 19 8.00000E+01 -2.57731E+06 -2.59219E+06  1.48762E+04  3.880E-06     0.002  3.47263E+04  0.98    0.06      n/a             
   5  PC(LIQUI) RR 39 1.00000E+00 -8.54951E+05 -8.56619E+05  1.66763E+03  1.170E-05     0.000  6.22408E+03  0.99    0.02      n/a             
  11  PC(LIQUI) RR 39 2.00000E+00 -1.03840E+06 -1.01257E+06 -2.58258E+04  9.630E-06     0.045  7.15339E+03  0.99   -0.25      n/a             
  17  PC(LIQUI) RR 39 3.00000E+00 -1.12140E+06 -1.10930E+06 -1.21040E+04  8.917E-06     0.008  7.96246E+03  0.99   -0.11      n/a             
  23  PC(LIQUI) RR 39 4.16291E+00 -1.18828E+06 -1.18838E+06  9.90868E+01  8.415E-06     0.000  1.42127E+04  0.98    0.00      n/a             
  29  PC(LIQUI) RR 39 5.41698E+00 -1.27219E+06 -1.24965E+06 -2.25402E+04  7.860E-06     0.023  1.20751E+04  0.99   -0.18      n/a             
  35  PC(LIQUI) RR 39 6.76935E+00 -1.31670E+06 -1.30256E+06 -1.41493E+04  7.595E-06     0.008  1.12878E+04  0.99   -0.11      n/a             
  41  PC(LIQUI) RR 39 8.22772E+00 -1.36966E+06 -1.34940E+06 -2.02631E+04  7.301E-06     0.016  1.11905E+04  0.99   -0.15      n/a             
  47  PC(LIQUI) RR 39 9.80040E+00 -1.39801E+06 -1.39166E+06 -6.35436E+03  7.153E-06     0.001  1.14240E+04  0.99   -0.05      n/a             
  53  PC(LIQUI) RR 39 1.14964E+01 -1.43389E+06 -1.43033E+06 -3.56243E+03  6.974E-06     0.000  1.18089E+04  0.99   -0.02      n/a             
  59  PC(LIQUI) RR 39 1.33252E+01 -1.47653E+06 -1.46613E+06 -1.04006E+04  6.773E-06     0.004  1.22594E+04  0.99   -0.07      n/a             
  65  PC(LIQUI) RR 39 1.52975E+01 -1.52049E+06 -1.49959E+06 -2.08986E+04  6.577E-06     0.014  1.27351E+04  0.99   -0.14      n/a             
  71  PC(LIQUI) RR 39 1.74243E+01 -1.53649E+06 -1.53109E+06 -5.39590E+03  6.508E-06     0.001  1.32171E+04  0.99   -0.04      n/a             
  77  PC(LIQUI) RR 39 1.97179E+01 -1.58708E+06 -1.56095E+06 -2.61247E+04  6.301E-06     0.020  1.36967E+04  0.99   -0.17      n/a             
  83  PC(LIQUI) RR 39 2.21912E+01 -1.59501E+06 -1.58940E+06 -5.60651E+03  6.270E-06     0.001  1.41701E+04  0.99   -0.04      n/a             
  89  PC(LIQUI) RR 39 2.48584E+01 -1.63094E+06 -1.61663E+06 -1.43058E+04  6.131E-06     0.006  1.46359E+04  0.99   -0.09      n/a             
  95  PC(LIQUI) RR 39 2.77347E+01 -1.65658E+06 -1.64280E+06 -1.37767E+04  6.037E-06     0.005  1.50937E+04  0.99   -0.08      n/a             
 101  PC(LIQUI) RR 39 3.08364E+01 -1.68423E+06 -1.66803E+06 -1.61957E+04  5.937E-06     0.007  1.55439E+04  0.99   -0.10      n/a             
 107  PC(LIQUI) RR 39 3.41813E+01 -1.69971E+06 -1.69243E+06 -7.27839E+03  5.883E-06     0.001  1.59871E+04  0.99   -0.04      n/a             
 113  PC(LIQUI) RR 39 3.77883E+01 -1.71593E+06 -1.71608E+06  1.42523E+02  5.828E-06     0.000  1.64238E+04  0.99    0.00      n/a             
 119  PC(LIQUI) RR 39 4.16781E+01 -1.74760E+06 -1.73905E+06 -8.55489E+03  5.722E-06     0.002  1.68546E+04  0.99   -0.05      n/a             
 125  PC(LIQUI) RR 39 4.58727E+01 -1.77723E+06 -1.76140E+06 -1.58313E+04  5.627E-06     0.006  1.72803E+04  0.99   -0.09      n/a             
 131  PC(LIQUI) RR 39 5.03962E+01 -1.79807E+06 -1.78318E+06 -1.48813E+04  5.562E-06     0.005  1.77015E+04  0.99   -0.08      n/a             
 137  PC(LIQUI) RR 39 5.52742E+01 -1.80960E+06 -1.80444E+06 -5.15628E+03  5.526E-06     0.001  1.81187E+04  0.99   -0.03      n/a             
 143  PC(LIQUI) RR 39 6.05346E+01 -1.81676E+06 -1.82521E+06  8.45193E+03  5.504E-06     0.002  1.85326E+04  0.99    0.05      n/a             
 149  PC(LIQUI) RR 39 6.62074E+01 -1.79410E+06 -1.84552E+06  5.14151E+04  5.574E-06     0.060  1.89436E+04  0.99    0.29      n/a             
 155  PC(LIQUI) RR 39 7.23247E+01 -1.79410E+06 -1.86537E+06  7.12745E+04  5.574E-06     0.115  1.93523E+04  0.99    0.40      n/a             
 161  PC(LIQUI) RR 39 8.00000E+01 -1.81005E+06 -1.88766E+06  7.76080E+04  5.525E-06     0.133  1.98199E+04  0.99    0.43      n/a             
   6  PC(LIQUI) RR 53 1.00000E+00 -6.61075E+05 -6.19631E+05 -4.14444E+04  1.513E-05     0.285  5.49414E+03  0.99   -0.63      n/a             
  12  PC(LIQUI) RR 53 2.00000E+00 -7.84598E+05 -7.65364E+05 -1.92334E+04  1.275E-05     0.044  5.85147E+03  0.99   -0.25      n/a             
  18  PC(LIQUI) RR 53 3.00000E+00 -8.65830E+05 -8.55816E+05 -1.00137E+04  1.155E-05     0.010  6.20863E+03  0.99   -0.12      n/a             
  24  PC(LIQUI) RR 53 4.16291E+00 -9.11167E+05 -9.29946E+05  1.87791E+04  1.097E-05     0.031  1.17398E+04  0.98    0.21      n/a             
  30  PC(LIQUI) RR 53 5.41698E+00 -9.68039E+05 -9.87699E+05  1.96596E+04  1.033E-05     0.030  9.62500E+03  0.99    0.20      n/a             
  36  PC(LIQUI) RR 53 6.76935E+00 -1.01971E+06 -1.03750E+06  1.77901E+04  9.807E-06     0.022  8.65142E+03  0.99    0.18      n/a             
  42  PC(LIQUI) RR 53 8.22772E+00 -1.10644E+06 -1.08158E+06 -2.48676E+04  9.038E-06     0.037  8.31589E+03  0.99   -0.23      n/a             
  48  PC(LIQUI) RR 53 9.80040E+00 -1.11066E+06 -1.12132E+06  1.06557E+04  9.004E-06     0.007  8.32186E+03  0.99    0.10      n/a             
  54  PC(LIQUI) RR 53 1.14964E+01 -1.15598E+06 -1.15769E+06  1.71355E+03  8.651E-06     0.000  8.50546E+03  0.99    0.01      n/a             
  60  PC(LIQUI) RR 53 1.33252E+01 -1.19540E+06 -1.19136E+06 -4.03799E+03  8.365E-06     0.001  8.78001E+03  0.99   -0.03      n/a             
  66  PC(LIQUI) RR 53 1.52975E+01 -1.24218E+06 -1.22283E+06 -1.93553E+04  8.050E-06     0.018  9.10040E+03  0.99   -0.16      n/a             
  72  PC(LIQUI) RR 53 1.74243E+01 -1.23469E+06 -1.25245E+06  1.77636E+04  8.099E-06     0.015  9.44312E+03  0.99    0.14      n/a             
  78  PC(LIQUI) RR 53 1.97179E+01 -1.26185E+06 -1.28053E+06  1.86730E+04  7.925E-06     0.016  9.79583E+03  0.99    0.15      n/a             
  84  PC(LIQUI) RR 53 2.21912E+01 -1.30252E+06 -1.30727E+06  4.75294E+03  7.677E-06     0.001  1.01520E+04  0.99    0.04      n/a             
  90  PC(LIQUI) RR 53 2.48584E+01 -1.33646E+06 -1.33287E+06 -3.59054E+03  7.482E-06     0.001  1.05084E+04  0.99   -0.03      n/a             
  96  PC(LIQUI) RR 53 2.77347E+01 -1.35030E+06 -1.35747E+06  7.16304E+03  7.406E-06     0.002  1.08632E+04  0.99    0.05      n/a             
 102  PC(LIQUI) RR 53 3.08364E+01 -1.36523E+06 -1.38117E+06  1.59448E+04  7.325E-06     0.010  1.12156E+04  0.99    0.12      n/a             
 108  PC(LIQUI) RR 53 3.41813E+01 -1.38147E+06 -1.40409E+06  2.26183E+04  7.239E-06     0.019  1.15655E+04  0.99    0.16      n/a             
 114  PC(LIQUI) RR 53 3.77883E+01 -1.39900E+06 -1.42630E+06  2.73046E+04  7.148E-06     0.028  1.19127E+04  0.99    0.20      n/a             
 120  PC(LIQUI) RR 53 4.16781E+01 -1.43320E+06 -1.44787E+06  1.46664E+04  6.977E-06     0.008  1.22576E+04  0.99    0.10      n/a             
 126  PC(LIQUI) RR 53 4.58727E+01 -1.46690E+06 -1.46885E+06  1.94721E+03  6.817E-06     0.000  1.26003E+04  0.99    0.01      n/a             
 132  PC(LIQUI) RR 53 5.03962E+01 -1.47120E+06 -1.48929E+06  1.80915E+04  6.797E-06     0.011  1.29412E+04  0.99    0.12      n/a             
 138  PC(LIQUI) RR 53 5.52742E+01 -1.48370E+06 -1.50923E+06  2.55309E+04  6.740E-06     0.021  1.32806E+04  0.99    0.17      n/a             
 144  PC(LIQUI) RR 53 6.05346E+01 -1.47462E+06 -1.52870E+06  5.40860E+04  6.781E-06     0.098  1.36191E+04  0.99    0.37      n/a             
 150  PC(LIQUI) RR 53 6.62074E+01 -1.41775E+06 -1.54773E+06  1.29988E+05  7.053E-06     0.610  1.39569E+04  0.99    0.92      n/a             
 156  PC(LIQUI) RR 53 7.23247E+01 -1.44561E+06 -1.56634E+06  1.20731E+05  6.918E-06     0.506  1.42946E+04  0.99    0.84      n/a             
 162  PC(LIQUI) RR 53 8.00000E+01 -1.43320E+06 -1.58721E+06  1.54009E+05  6.977E-06     0.838  1.46833E+04  0.99    1.08      n/a             
   7  PC(LIQUI) RR 76 1.00000E+00 -5.50797E+05 -3.79669E+05 -1.71127E+05  1.816E-05     7.006  5.07453E+03  0.99   -3.12 *    n/a             
  13  PC(LIQUI) RR 76 2.00000E+00 -6.42370E+05 -4.70903E+05 -1.71467E+05  1.557E-05     5.172  5.10255E+03  0.99   -2.68 *    n/a             
  19  PC(LIQUI) RR 76 3.00000E+00 -7.12890E+05 -5.39456E+05 -1.73434E+05  1.403E-05     4.296  5.18606E+03  0.99   -2.44 *    n/a             
  25  PC(LIQUI) RR 76 4.16291E+00 -7.58260E+05 -6.02893E+05 -1.55367E+05  1.319E-05     3.047  7.79094E+03  0.99   -2.06 *    n/a             
  31  PC(LIQUI) RR 76 5.41698E+00 -8.15174E+05 -6.55304E+05 -1.59870E+05  1.227E-05     2.792  7.25078E+03  0.99   -1.97 *    n/a             
  37  PC(LIQUI) RR 76 6.76935E+00 -8.03669E+05 -7.00853E+05 -1.02815E+05  1.244E-05     1.188  6.76508E+03  0.99   -1.28      n/a             
  43  PC(LIQUI) RR 76 8.22772E+00 -8.38405E+05 -7.41277E+05 -9.71276E+04  1.193E-05     0.974  6.43565E+03  0.99   -1.16      n/a             
  49  PC(LIQUI) RR 76 9.80040E+00 -8.50373E+05 -7.77787E+05 -7.25863E+04  1.176E-05     0.529  6.25402E+03  0.99   -0.86      n/a             
  55  PC(LIQUI) RR 76 1.14964E+01 -8.90237E+05 -8.11232E+05 -7.90047E+04  1.123E-05     0.572  6.18712E+03  0.99   -0.89      n/a             
  61  PC(LIQUI) RR 76 1.33252E+01 -9.22050E+05 -8.42220E+05 -7.98296E+04  1.085E-05     0.544  6.20324E+03  0.99   -0.87      n/a             
  67  PC(LIQUI) RR 76 1.52975E+01 -9.29342E+05 -8.71200E+05 -5.81428E+04  1.076E-05     0.284  6.27781E+03  0.99   -0.63      n/a             
  73  PC(LIQUI) RR 76 1.74243E+01 -9.36794E+05 -8.98506E+05 -3.82874E+04  1.067E-05     0.121  6.39326E+03  0.99   -0.41      n/a             
  79  PC(LIQUI) RR 76 1.97179E+01 -9.23036E+05 -9.24400E+05  1.36453E+03  1.083E-05     0.000  6.53747E+03  0.99    0.01      n/a             
  85  PC(LIQUI) RR 76 2.21912E+01 -9.56560E+05 -9.49084E+05 -7.47582E+03  1.045E-05     0.004  6.70216E+03  0.99   -0.08      n/a             
  91  PC(LIQUI) RR 76 2.48584E+01 -9.61294E+05 -9.72720E+05  1.14264E+04  1.040E-05     0.010  6.88172E+03  0.99    0.12      n/a             
  97  PC(LIQUI) RR 76 2.77347E+01 -9.75343E+05 -9.95440E+05  2.00970E+04  1.025E-05     0.031  7.07235E+03  0.99    0.21      n/a             
 103  PC(LIQUI) RR 76 3.08364E+01 -9.90492E+05 -1.01735E+06  2.68561E+04  1.010E-05     0.053  7.27143E+03  0.99    0.27      n/a             
 109  PC(LIQUI) RR 76 3.41813E+01 -1.00699E+06 -1.03853E+06  3.15442E+04  9.931E-06     0.071  7.47720E+03  0.99    0.31      n/a             
 115  PC(LIQUI) RR 76 3.77883E+01 -1.02479E+06 -1.05907E+06  3.42842E+04  9.758E-06     0.081  7.68842E+03  0.99    0.34      n/a             
 121  PC(LIQUI) RR 76 4.16781E+01 -1.02530E+06 -1.07902E+06  5.37193E+04  9.753E-06     0.199  7.90428E+03  0.99    0.53      n/a             
 127  PC(LIQUI) RR 76 4.58727E+01 -1.04911E+06 -1.09843E+06  4.93200E+04  9.532E-06     0.160  8.12426E+03  0.99    0.47      n/a             
 133  PC(LIQUI) RR 76 5.03962E+01 -1.06822E+06 -1.11734E+06  4.91168E+04  9.361E-06     0.153  8.34804E+03  0.99    0.46      n/a             
 139  PC(LIQUI) RR 76 5.52742E+01 -1.09360E+06 -1.13579E+06  4.21889E+04  9.144E-06     0.108  8.57548E+03  0.99    0.39      n/a             
 145  PC(LIQUI) RR 76 6.05346E+01 -1.11851E+06 -1.15380E+06  3.52911E+04  8.940E-06     0.072  8.80659E+03  0.99    0.32      n/a             
 151  PC(LIQUI) RR 76 6.62074E+01 -1.11196E+06 -1.17140E+06  5.94412E+04  8.993E-06     0.207  9.04149E+03  0.99    0.54      n/a             
 157  PC(LIQUI) RR 76 7.23247E+01 -1.11512E+06 -1.18861E+06  7.34895E+04  8.968E-06     0.315  9.28039E+03  0.99    0.66      n/a             
 163  PC(LIQUI) RR 76 8.00000E+01 -1.12760E+06 -1.20790E+06  8.03028E+04  8.868E-06     0.368  9.56069E+03  0.99    0.72      n/a             
   8  PC(LIQUI) RR101 1.00000E+00 -3.75130E+05 -2.44781E+05 -1.30349E+05  2.666E-05     8.764  4.34718E+03  0.98   -3.50 *    n/a             
  14  PC(LIQUI) RR101 2.00000E+00 -3.82175E+05 -3.02103E+05 -8.00727E+04  2.617E-05     3.186  4.70504E+03  0.98   -2.11 *    n/a             
  20  PC(LIQUI) RR101 3.00000E+00 -4.29770E+05 -3.42249E+05 -8.75213E+04  2.327E-05     3.010  4.93516E+03  0.98   -2.05 *    n/a             
  26  PC(LIQUI) RR101 4.16291E+00 -4.49902E+05 -3.77819E+05 -7.20831E+04  2.223E-05     1.863  4.85662E+03  0.99   -1.61      n/a             
  32  PC(LIQUI) RR101 5.41698E+00 -4.75156E+05 -4.07993E+05 -6.71629E+04  2.105E-05     1.450  4.87775E+03  0.99   -1.42      n/a             
  38  PC(LIQUI) RR101 6.76935E+00 -5.16842E+05 -4.35693E+05 -8.11496E+04  1.935E-05     1.789  4.92344E+03  0.99   -1.58      n/a             
  44  PC(LIQUI) RR101 8.22772E+00 -5.11670E+05 -4.62135E+05 -4.95348E+04  1.954E-05     0.680  4.96190E+03  0.99   -0.97      n/a             
  50  PC(LIQUI) RR101 9.80040E+00 -5.04577E+05 -4.88028E+05 -1.65488E+04  1.982E-05     0.078  5.01374E+03  0.99   -0.33      n/a             
  56  PC(LIQUI) RR101 1.14964E+01 -5.31320E+05 -5.13612E+05 -1.77075E+04  1.882E-05     0.081  5.09111E+03  0.99   -0.34      n/a             
  62  PC(LIQUI) RR101 1.33252E+01 -5.70794E+05 -5.38770E+05 -3.20243E+04  1.752E-05     0.228  5.17044E+03  0.99   -0.56      n/a             
  68  PC(LIQUI) RR101 1.52975E+01 -5.91840E+05 -5.63325E+05 -2.85148E+04  1.690E-05     0.168  5.23496E+03  0.99   -0.48      n/a             
  74  PC(LIQUI) RR101 1.74243E+01 -5.91840E+05 -5.87154E+05 -4.68603E+03  1.690E-05     0.005  5.28242E+03  0.99   -0.08      n/a             
  80  PC(LIQUI) RR101 1.97179E+01 -5.91840E+05 -6.10201E+05  1.83608E+04  1.690E-05     0.070  5.32000E+03  0.99    0.31      n/a             
  86  PC(LIQUI) RR101 2.21912E+01 -5.91840E+05 -6.32464E+05  4.06237E+04  1.690E-05     0.342  5.35598E+03  0.99    0.69      n/a             
  92  PC(LIQUI) RR101 2.48584E+01 -5.96743E+05 -6.53973E+05  5.72302E+04  1.676E-05     0.668  5.39629E+03  0.99    0.96      n/a             
  98  PC(LIQUI) RR101 2.77347E+01 -6.11294E+05 -6.74777E+05  6.34826E+04  1.636E-05     0.783  5.44428E+03  0.99    1.04      n/a             
 104  PC(LIQUI) RR101 3.08364E+01 -6.26985E+05 -6.94925E+05  6.79399E+04  1.595E-05     0.852  5.50140E+03  0.99    1.09      n/a             
 110  PC(LIQUI) RR101 3.41813E+01 -6.44051E+05 -7.14471E+05  7.04195E+04  1.553E-05     0.868  5.56806E+03  0.99    1.10      n/a             
 116  PC(LIQUI) RR101 3.77883E+01 -6.62460E+05 -7.33461E+05  7.10014E+04  1.510E-05     0.834  5.64409E+03  0.99    1.08      n/a             
 122  PC(LIQUI) RR101 4.16781E+01 -7.12389E+05 -7.51939E+05  3.95504E+04  1.404E-05     0.224  5.72909E+03  0.99    0.56      n/a             
 128  PC(LIQUI) RR101 4.58727E+01 -7.38926E+05 -7.69942E+05  3.10161E+04  1.353E-05     0.128  5.82267E+03  0.99    0.42      n/a             
 134  PC(LIQUI) RR101 5.03962E+01 -7.64196E+05 -7.87501E+05  2.33053E+04  1.309E-05     0.068  5.92446E+03  0.99    0.31      n/a             
 140  PC(LIQUI) RR101 5.52742E+01 -7.80519E+05 -8.04643E+05  2.41238E+04  1.281E-05     0.069  6.03423E+03  0.99    0.31      n/a             
 146  PC(LIQUI) RR101 6.05346E+01 -8.29896E+05 -8.21388E+05 -8.50710E+03  1.205E-05     0.008  6.15190E+03  0.99   -0.10      n/a             
 152  PC(LIQUI) RR101 6.62074E+01 -8.39886E+05 -8.37754E+05 -2.13221E+03  1.191E-05     0.000  6.27749E+03  0.99   -0.03      n/a             
 158  PC(LIQUI) RR101 7.23247E+01 -8.55800E+05 -8.53752E+05 -2.04841E+03  1.168E-05     0.000  6.41116E+03  0.99   -0.02      n/a             
 164  PC(LIQUI) RR101 8.00000E+01 -8.39002E+05 -8.71702E+05  3.26995E+04  1.192E-05     0.110  6.57560E+03  0.99    0.39      n/a             
   9  PC(LIQUI) RR128 1.00000E+00 -2.08790E+05 -1.84188E+05 -2.46019E+04  4.790E-05     1.008  4.34374E+03  0.95   -1.21      n/a             
  15  PC(LIQUI) RR128 2.00000E+00 -2.38010E+05 -2.05576E+05 -3.24343E+04  4.201E-05     1.348  4.22582E+03  0.96   -1.39      n/a             
  21  PC(LIQUI) RR128 3.00000E+00 -2.08790E+05 -2.25518E+05  1.67280E+04  4.790E-05     0.466  4.28366E+03  0.95    0.82      n/a             
  27  PC(LIQUI) RR128 4.16291E+00 -2.36837E+05 -2.45628E+05  8.79081E+03  4.222E-05     0.100  4.13943E+03  0.96    0.38      n/a             
  33  PC(LIQUI) RR128 5.41698E+00 -2.72020E+05 -2.63924E+05 -8.09657E+03  3.676E-05     0.064  4.26526E+03  0.97   -0.30      n/a             
  39  PC(LIQUI) RR128 6.76935E+00 -2.67296E+05 -2.80880E+05  1.35844E+04  3.741E-05     0.187  4.38837E+03  0.97    0.52      n/a             
  45  PC(LIQUI) RR128 8.22772E+00 -2.68903E+05 -2.96746E+05  2.78428E+04  3.719E-05     0.778  4.50591E+03  0.97    1.05      n/a             
  51  PC(LIQUI) RR128 9.80040E+00 -2.84480E+05 -3.11721E+05  2.72409E+04  3.515E-05     0.666  4.61785E+03  0.97    0.97      n/a             
  57  PC(LIQUI) RR128 1.14964E+01 -3.04954E+05 -3.25964E+05  2.10097E+04  3.279E-05     0.345  4.72421E+03  0.97    0.70      n/a             
  63  PC(LIQUI) RR128 1.33252E+01 -3.06743E+05 -3.39604E+05  3.28609E+04  3.260E-05     0.833  4.82428E+03  0.97    1.09      n/a             
  69  PC(LIQUI) RR128 1.52975E+01 -3.22320E+05 -3.52753E+05  3.04328E+04  3.103E-05     0.647  4.91628E+03  0.97    0.96      n/a             
  75  PC(LIQUI) RR128 1.74243E+01 -3.06168E+05 -3.65508E+05  5.93406E+04  3.266E-05     2.727  4.99724E+03  0.97    1.97 *    n/a             
  81  PC(LIQUI) RR128 1.97179E+01 -3.21240E+05 -3.77965E+05  5.67244E+04  3.113E-05     2.263  5.06329E+03  0.97    1.79      n/a             
  87  PC(LIQUI) RR128 2.21912E+01 -3.57581E+05 -3.90216E+05  3.26357E+04  2.797E-05     0.605  5.11028E+03  0.98    0.92      n/a             
  93  PC(LIQUI) RR128 2.48584E+01 -3.43843E+05 -4.02358E+05  5.85154E+04  2.908E-05     2.102  5.13501E+03  0.97    1.72      n/a             
  99  PC(LIQUI) RR128 2.77347E+01 -3.51567E+05 -4.14485E+05  6.29177E+04  2.844E-05     2.325  5.13667E+03  0.97    1.81      n/a             
 105  PC(LIQUI) RR128 3.08364E+01 -3.59897E+05 -4.26685E+05  6.67876E+04  2.779E-05     2.500  5.11782E+03  0.98    1.88      n/a             
 111  PC(LIQUI) RR128 3.41813E+01 -3.77823E+05 -4.39033E+05  6.12099E+04  2.647E-05     1.905  5.08451E+03  0.98    1.64      n/a             
 117  PC(LIQUI) RR128 3.77883E+01 -3.97445E+05 -4.51584E+05  5.41395E+04  2.516E-05     1.347  5.04528E+03  0.98    1.38      n/a             
 123  PC(LIQUI) RR128 4.16781E+01 -4.58622E+05 -4.64366E+05  5.74441E+03  2.180E-05     0.011  5.00888E+03  0.99    0.13      n/a             
 129  PC(LIQUI) RR128 4.58727E+01 -4.72017E+05 -4.77379E+05  5.36178E+03  2.119E-05     0.009  4.98213E+03  0.99    0.11      n/a             
 135  PC(LIQUI) RR128 5.03962E+01 -5.16372E+05 -4.90594E+05 -2.57782E+04  1.937E-05     0.181  4.96862E+03  0.99   -0.50      n/a             
 141  PC(LIQUI) RR128 5.52742E+01 -5.46322E+05 -5.03967E+05 -4.23559E+04  1.830E-05     0.436  4.96889E+03  0.99   -0.78      n/a             
 147  PC(LIQUI) RR128 6.05346E+01 -5.49390E+05 -5.17436E+05 -3.19543E+04  1.820E-05     0.246  4.98187E+03  0.99   -0.58      n/a             
 153  PC(LIQUI) RR128 6.62074E+01 -5.88715E+05 -5.30938E+05 -5.77770E+04  1.699E-05     0.699  5.00595E+03  0.99   -0.99      n/a             
 159  PC(LIQUI) RR128 7.23247E+01 -5.92223E+05 -5.44408E+05 -4.78148E+04  1.689E-05     0.473  5.03992E+03  0.99   -0.81      n/a             
 165  PC(LIQUI) RR128 8.00000E+01 -6.06924E+05 -5.59804E+05 -4.71198E+04  1.648E-05     0.437  5.09125E+03  0.99   -0.78      n/a             
 166  P(GAS) RR160    8.00000E+01  1.20000E+05  1.56638E+05 -3.66381E+04  1.000E-04     9.743  1.76565E+03  0.96   -3.73 *    n/a             
 167  P(GAS) RR188    8.00000E+01  2.80000E+05  2.95997E+05 -1.59975E+04  1.000E-04     1.858  9.24645E+02  0.99   -1.61      n/a             
 168  Average evapora 8.00000E+01  2.28000E+01  2.40351E+01 -1.23510E+00  1.316E+00     1.917  6.18145E-01  0.22 * -3.45 *    n/a             


 Residual Plots
 --------------

       RESIDUAL     ------------------------------------------------------------
      1.540E+05     |                        3                                 |                    
      1.370E+05     |                                                          |                    
      1.200E+05     |                         3                                |                    
      1.030E+05     |                        3                                 |                    
      8.601E+04     |                                                          |                    
      6.901E+04     |                2                4                        |                    
      5.201E+04     |         1       2                4         555    666    |                    
      3.501E+04     |           1     2       3         44          5   6      |                    
      1.801E+04     |                            3     4 44   5 55        666  |                    
      1.011E+03     |                                      4    5   5      6666|                    
     -1.599E+04     |-1- - - - - - - - 2 -2- 22-32 33-33 - -4455 - - 5 -6- - 6 |                    
     -3.299E+04     | 1    1   111     222 22  2333 233 3  34335 3     5       |                    
     -4.999E+04     |  1 1 1  1              2  3        3 2 4       566      6|                    
     -6.699E+04     |     1 1                                       36665      |                    
     -8.399E+04     | 1                                       4 4     6  55    |                    
     -1.010E+05     |  1 1                   1   1             4        5  55  |                    
     -1.180E+05     |   1         1  1                           44            |                    
     -1.350E+05     |                                                          |                    
     -1.520E+05     |                                                        5 |                    
     -1.690E+05     |  1                                                       |                    
     -1.860E+05     |                 1                            44          |                    
     -2.030E+05     |               1   1 1                           4 4 4    |                    
                    ------------------------------------------------------------
               -2.592E+06                                                  -1.842E+05
                                       CAPILLARY PRES. [Pa]    


 ==================================================================================================================================


 Summary of Residual Analysis
 ----------------------------
 Max weighted residual at observation    :            166
 Max weighted residual                   :    -3.6638E+00
 Max residual                            :    -3.6638E+04
 Number of poorly controlled observations:              1
 Number of large normalized residuals    :             11
 Max normalized residual at observation  :            166
 Max normalized residual                 :           3.73
 Probable size of maximum error          :     3.8032E+04


 Iteration Statistics
 --------------------
 Number of iterations                    :              6
 Number of forward runs                  :             37
 Number of non-TOUGH2 runs               :              0


 Control Measures
 ----------------
 Trace (P*QLL) : n   =   3               :           3.00
 Sum   (Yi)    : m-n = 162               :         162.12


 Objective Function
 ------------------
 Initial value of objective function     :     6.7645E+04                                                                49098.85 %
 Minimum value of objective function     :     1.3777E+02                                                                  100.00 %


 ==================================================================================================================================

 MEAN      : Mean of residuals
 MEDIAN    : Median of residuals
 STD. DEV. : Root mean squared deviation of residuals from mean
 AVE. DEV. : Mean absolute deviation of residuals from mean
 SKEWNESS  : Degree of asymmetry of residuals around mean
 KURTOSIS  : Relative peakedness of distribution
 BCT       : Box-Cox transformed data
 M/S       : Ratio of mean and standard deviation
 DWA       : Relative Data Worth [%]
 COF       : Contribution to final objective function [%]

 ==================================================================================================================================
 DATASET              DATAPOINTS          MEAN       MEDIAN    STD. DEV.    AVE. DEV.   SKEWNESS   KURTOSIS      M/S    DWA     COF
 ----------------------------------------------------------------------------------------------------------------------------------
 PC(LIQUI) RR 19   [Pa]       27    -5.743E+04   -5.515E+04    7.485E+04    6.040E+04     -0.278     -0.856     0.77   0.00 -  3.94
 PC(LIQUI) RR 39   [Pa]       27    -2.168E+03   -8.555E+03    2.649E+04    1.499E+04      1.985      2.945     0.08   0.00 -  0.48
 PC(LIQUI) RR 53   [Pa]       27     2.146E+04    1.594E+04    4.537E+04    2.691E+04      1.606      2.016     0.47   0.00 -  2.67
 PC(LIQUI) RR 76   [Pa]       27    -2.956E+04    1.365E+03    8.486E+04    7.162E+04     -0.467     -1.299     0.35   0.00 - 28.36
 PC(LIQUI) RR101   [Pa]       27    -5.196E+03   -2.132E+03    5.555E+04    4.495E+04     -0.400     -0.893     0.09   0.00 - 26.33
 PC(LIQUI) RR128   [Pa]       27     1.200E+04    1.673E+04    3.925E+04    3.245E+04     -0.236     -1.312     0.31   0.00 - 24.71
 P(GAS) RR160      [Pa]        1     1.000E+00    1.000E+00    0.000E+00    0.000E+00      0.000      0.000     0.00   0.00 -  9.74
 P(GAS) RR188      [Pa]        1     1.000E+00    1.000E+00    0.000E+00    0.000E+00      0.000      0.000     0.00   0.00 -  1.86
 Average evapora   [kg]        1     1.000E+00    1.000E+00    0.000E+00    0.000E+00      0.000      0.000     0.00   0.00 -  1.92
 - - - - - - - - - - - - - - - - - - - - - - - - - - - - - - - - - - - - - - - - - - - - - - - - - - - - - - - - - - - - - - - - -
 ALL RESIDUALS     WEIGHTED  168    -1.120E-01   -2.512E-02    9.013E-01    5.929E-01     -1.031      2.733     0.12 100.00  100.00
 ==================================================================================================================================


 ==================================================================================================================================
 DATATYPE             DATAPOINTS          MEAN       MEDIAN    STD. DEV.    AVE. DEV.   SKEWNESS   KURTOSIS      M/S    DWA     COF
 ----------------------------------------------------------------------------------------------------------------------------------
 PRESSURE          [Pa]        2    -2.632E+04   -2.632E+04    1.460E+04    1.032E+04      0.000     -2.750     1.80   0.00   11.60
 CAPILLARY PRES.   [Pa]      162    -1.442E+04   -1.104E+04    6.211E+04    4.373E+04     -0.635      1.012     0.23   0.00   86.48
 MASS IN PLACE     [kg]        1     1.000E+00    1.000E+00    0.000E+00    0.000E+00      0.000      0.000     0.00   0.00    1.92
 ==================================================================================================================================


 Linear Regression Analysis of Calculated Versus Observed Data and Efficiency Criteria
 --------------------------------------------------------------------------------------

 NSE = 1 - MSE / sigma_m^2          : Nash-Sutcliffe Efficiency  (Journal of Hydrology,  10, 282 - 290, 1970)
      MSE = 1 / M SUM(RESIDUAL^2)   : Mean squared error

 KGE = 1 - SQRT(G1 + G2 + G3)       : Kling-Gupta Efficiency     (Journal of Hydrology, 377,  80 -  91, 2009)
       G1 = (R     - 1)^2           : Correlation error
       G2 = (ALPHA - 1)^2           : Variability error
       G3 = (BETA  - 1)^2           : Bias error
            R                       : Coefficient of determination
            ALPHA = SIGMA_C/SIGMA_O : Relative variability
            BETA  = MUE_C/MUE_O     : Normalized bias
   GAMMAi = Gi / (G1 + G2 + G3)     : Relative error contribution

 ==================================================================================================================================
 DATASET              DATAPOINTS     INTERCEPT       SLOPE            R         NSE         KGE      GAMMA1      GAMMA2      GAMMA3
 ----------------------------------------------------------------------------------------------------------------------------------
 PC(LIQUI) RR 19   [Pa]       27    -2.723E+05   9.014E-01        0.973       0.897       0.912       0.093       0.822       0.085
 PC(LIQUI) RR 39   [Pa]       27    -6.843E+04   9.568E-01        0.996       0.990       0.959       0.009       0.989       0.001
 PC(LIQUI) RR 53   [Pa]       27    -1.188E+05   8.881E-01        0.989       0.953       0.885       0.010       0.968       0.023
 PC(LIQUI) RR 76   [Pa]       27    -3.532E+05   6.419E-01        0.992       0.638       0.453       0.000       0.996       0.003
 PC(LIQUI) RR101   [Pa]       27    -1.542E+05   7.559E-01        0.972       0.844       0.713       0.010       0.989       0.001
 PC(LIQUI) RR128   [Pa]       27     4.422E+04   1.084E+00        0.951       0.890       0.865       0.129       0.815       0.057
 - - - - - - - - - - - - - - - - - - - - - - - - - - - - - - - - - - - - - - - - - - - - - - - - - - - - - - - - - - - - - - - - -
 ALL               WEIGHTED  165    -5.792E+03   1.004E+00        0.996       0.991       0.987       0.111       0.406       0.483
 ==================================================================================================================================


 ==================================================================================================================================
 DATATYPE             DATAPOINTS     INTERCEPT       SLOPE            R         NSE         KGE      GAMMA1      GAMMA2      GAMMA3
 ----------------------------------------------------------------------------------------------------------------------------------
 PRESSURE          [Pa]        2     0.000E+00   0.000E+00        0.000       0.875      -0.017       0.967       0.016       0.017
 CAPILLARY PRES.   [Pa]      162    -4.698E+03   1.005E+00        0.995       0.990       0.986       0.116       0.471       0.413
 ==================================================================================================================================


 Runs Statistics of Residuals
 ----------------------------

 ==================================================================================================================================
 DATASET              DATAPOINTS       RES+     RES-     RUNS  E[RUNS]     COMMENT ON RUNS STATISTICS
 ----------------------------------------------------------------------------------------------------------------------------------
 PC(LIQUI) RR 19   [Pa]       27          7       20        4        0     Not enough runs for runs statistic     
 PC(LIQUI) RR 39   [Pa]       27          7       20        7        0     Not enough runs for runs statistic     
 PC(LIQUI) RR 53   [Pa]       27         20        7        8        0     Not enough runs for runs statistic     
 PC(LIQUI) RR 76   [Pa]       27         14       13        4       14     Residuals are probably not random      
 PC(LIQUI) RR101   [Pa]       27         12       15        4       14     Residuals are probably not random      
 PC(LIQUI) RR128   [Pa]       27         18        9        5        0     Not enough runs for runs statistic     
 ==================================================================================================================================


 Fisher Model Test
 -----------------
 Root mean square error              :      9.2220E-01
 Estimated error variance            :      8.5045E-01
 Variance used for error analysis    :      8.5045E-01     (a posteriori variance)
 Nash-Sutcliffe efficiency criterion :          0.9910
 Degree of freedom                   :             162     (no prior information)                   
 Confidence level (1-alpha)          :            95.0 [%]
 Warning                             : Accuracy underestimated.                                            
 Fisher model test criterion         :            1.19     (F-distribution)
 Factor for confidence bands         :            1.97     (t-distribution)
 Factor for confidence regions       :            2.82     (chi-square distribution)


 Optimality Criteria                          unscaled         scaled
 -------------------
 D-optimality = det(Cpp)             :      2.6922E-12     2.8751E-11
 A-optimality = trace(Cpp)           :      1.4719E-03     9.4124E-03
 E-optimality = max eigenvalue       :      1.0202E-03
 Log-likelihood ln(L)                :     -2.0974E+03
 Akaike  =-2ln(L)+2n                 :      4.2007E+03
 ABIC    =-2ln(L)+ln|F|              :      4.2158E+03
 Kashyap =-2ln(L)+ln|F|+n*ln(m/2Pi)  :      4.2257E+03


 ?!!!!!!!!!!!!!!!!!!!!!!!!!!!!!!!!!!!!!!!!!!!!!!!!!!!!!!!!!!!!!!!!!!!!!!!!!!!!!!!!!!!!!!!!!!!!!!!!!!!!!!!!!!!!!!!!!!!!!!!!!!!!!!!!!
 ESTIMATED PARAMETER  V/L/F   ROCKS   PAR  INITIAL GUESS    BEST ESTIMATE            STANDARD DEVIATIONS        SENSITIVITY
                                                                             A PRIORI    MARGINAL      C/M    OUTPUT   OBJ. FUNC.
 Permeability         LOG10   MATRI     1   -1.70000E+01       -1.852E+01         N/A   2.498E-02    0.443    1516.6      118.744  
 vG n                 VALUE   MATRI     1    3.00000E+00         2.44E+00         N/A   2.865E-02    0.784     118.4        6.426  
 vG 1/alpha           LOG10   MATRI     2    6.00000E+00       6.2320E+00         N/A   5.184E-03    0.479    2759.2      464.691  
 !!!!!!!!!!!!!!!!!!!!!!!!!!!!!!!!!!!!!!!!!!!!!!!!!!!!!!!!!!!!!!!!!!!!!!!!!!!!!!!!!!!!!!!!!!!!!!!!!!!!!!!!!!!!!!!!!!!!!!!!!!!!!!!!!!


 ---  5649th iTOUGH2 run completed on 26-Jan-17  20:52 ---  CPU time used =      25.05 sec. :)

 ==================================================================================================================================
      COPYRIGHT (C) 1999, 2007, 2010, 2016, THE REGENTS OF THE UNIVERSITY OF CALIFORNIA, THROUGH
      LAWRENCE BERKELEY NATIONAL LABORATORY. ALL RIGHTS RESERVED.

      IF YOU HAVE QUESTIONS ABOUT YOUR RIGHTS TO USE OR DISTRIBUTE THIS SOFTWARE,
      PLEASE CONTACT BERKELEY LAB'S INNOVATION AND PARTNERSHIP OFFICE AT IPO@LBL.GOV.

      THIS SOFTWARE PACKAGE INCLUDES CODE WRITTEN BY OTHERS WHICH ARE GOVERNED BY SEPARATE, OPEN SOURCE LICENSE AGREEMENTS. 
      PLEASE REFER TO THE ASSOCIATED LICENSES FOR FURTHER DETAILS.

      NOTICE: THIS SOFTWARE WAS DEVELOPED UNDER FUNDING FROM THE U.S. DEPARTMENT OF ENERGY.
      AS SUCH, THE GOVERNMENT IS GRANTED FOR ITSELF AND OTHERS ACTING ON ITS BEHALF A PAID-UP, NONEXCLUSIVE, IRREVOCABLE
      WORLDWIDE LICENSE IN THIS DATA TO REPRODUCE, PREPARE DERIVATIVE WORKS, AND PERFORM PUBLICLY AND DISPLAY PUBLICLY.
      BEGINNING FIVE (5) YEARS AFTER THE DATE PERMISSION TO ASSERT COPYRIGHT WAS OBTAINED, SUBJECT TO TWO POSSIBLY FIVE
      YEAR RENEWALS, THE GOVERNMENT IS GRANTED FOR ITSELF AND OTHERS ACTING ON ITS BEHALF A PAID-UP, NONEXCLUSIVE,
      IRREVOCABLE WORLDWIDE LICENSE IN THIS DATA TO REPRODUCE, PREPARE DERIVATIVE WORKS, DISTRIBUTE COPIES TO THE PUBLIC,
      PERFORM PUBLICLY AND DISPLAY PUBLICLY, AND TO PERMIT OTHERS TO DO SO. 

      NEITHER THE UNITED STATES NOR THE UNITED STATES DEPARTMENT OF ENERGY, NOR ANY OF THEIR EMPLOYEES, MAKES ANY WARRANTY,
      EXPRESS OR IMPLIED, OR ASSUMES ANY LEGAL LIABILITY OR RESPONSIBILITY FOR THE ACCURACY, COMPLETENESS, OR USEFULNESS
      OF ANY INFORMATION, APPARATUS, PRODUCT, OR PROCESS DISCLOSED, OR REPRESENTS THAT ITS USE WOULD NOT INFRINGE.
      PRIVATELY OWNED RIGHTS.
 ==================================================================================================================================
  


     Error  >>> Subroutine <<<  Message
      5399  >>> TIMEWIN    <<<  WARNING              --> Time window adjusted          

 ---     0 error(s) and  1 warning(s) detected
